<?xml version="1.0" encoding="UTF-8"?>
<!-- Generated by org.testng.reporters.JUnitReportReporter -->
<testsuite hostname="DESKTOP-04ED722" failures="0" tests="1" name="testCases.TC003_LoginDDT" time="15.544" errors="0" timestamp="2024-08-26T12:35:16 IST" skipped="0">
  <testcase classname="testCases.TC003_LoginDDT" name="verify_loginDDT" time="15.544"/>
</testsuite> <!-- testCases.TC003_LoginDDT -->
