<?xml version="1.0" encoding="UTF-8"?>
<!-- Generated by org.testng.reporters.JUnitReportReporter -->
<testsuite hostname="DESKTOP-04ED722" failures="0" tests="2" name="testCases.TC001_AccountRegistrationTest" time="7.608" errors="0" timestamp="2024-08-27T22:19:12 IST" skipped="0">
  <testcase classname="testCases.TC001_AccountRegistrationTest" name="verify_accountRegistration" time="3.440"/>
  <testcase classname="testCases.TC001_AccountRegistrationTest" name="verify_accountRegistration" time="4.168"/>
</testsuite> <!-- testCases.TC001_AccountRegistrationTest -->
