<?xml version="1.0" encoding="UTF-8"?>
<!-- Generated by org.testng.reporters.JUnitReportReporter -->
<testsuite hostname="DESKTOP-04ED722" failures="0" tests="1" name="testCases.TC001_AccountRegistrationTest" time="5.001" errors="0" timestamp="2024-08-28T12:39:35 IST" skipped="0">
  <testcase classname="testCases.TC001_AccountRegistrationTest" name="verify_accountRegistration" time="5.001"/>
</testsuite> <!-- testCases.TC001_AccountRegistrationTest -->
